<?xml version="1.0" encoding="UTF-8"?>
<testsuite name="com.capgemini.cobigen.unittest.config.upgrade.TemplateConfigurationUpgraderTest" time="0.482" tests="2" errors="0" skipped="0" failures="0">
  <properties>
    <property name="java.runtime.name" value="Java(TM) SE Runtime Environment"/>
    <property name="sun.boot.library.path" value="C:\Program Files\Java\jdk1.8.0_161\jre\bin"/>
    <property name="java.vm.version" value="25.161-b12"/>
    <property name="java.vm.vendor" value="Oracle Corporation"/>
    <property name="maven.multiModuleProjectDirectory" value="D:\toolscobigen\tools-cobigen2\tools-cobigen\cobigen\cobigen-core-parent"/>
    <property name="javax.xml.accessExternalSchema" value="all"/>
    <property name="java.vendor.url" value="http://java.oracle.com/"/>
    <property name="path.separator" value=";"/>
    <property name="guice.disable.misplaced.annotation.check" value="true"/>
    <property name="java.vm.name" value="Java HotSpot(TM) 64-Bit Server VM"/>
    <property name="file.encoding.pkg" value="sun.io"/>
    <property name="user.script" value=""/>
    <property name="user.country" value="US"/>
    <property name="sun.java.launcher" value="SUN_STANDARD"/>
    <property name="sun.os.patch.level" value="Service Pack 1"/>
    <property name="java.vm.specification.name" value="Java Virtual Machine Specification"/>
    <property name="user.dir" value="D:\toolscobigen\tools-cobigen2\tools-cobigen\cobigen\cobigen-core-parent"/>
    <property name="java.runtime.version" value="1.8.0_161-b12"/>
    <property name="java.awt.graphicsenv" value="sun.awt.Win32GraphicsEnvironment"/>
    <property name="java.endorsed.dirs" value="C:\Program Files\Java\jdk1.8.0_161\jre\lib\endorsed"/>
    <property name="os.arch" value="amd64"/>
    <property name="java.io.tmpdir" value="C:\Users\krashah\AppData\Local\Temp\"/>
    <property name="line.separator" value="&#10;"/>
    <property name="java.vm.specification.vendor" value="Oracle Corporation"/>
    <property name="user.variant" value=""/>
    <property name="os.name" value="Windows 7"/>
    <property name="javax.xml.accessExternalDTD" value="all"/>
    <property name="classworlds.conf" value="D:\MyData\IDE\software\maven\bin\..\bin\m2.conf"/>
    <property name="sun.jnu.encoding" value="Cp1252"/>
    <property name="java.library.path" value="C:\Program Files\Java\jdk1.8.0_161\bin;C:\WINDOWS\Sun\Java\bin;C:\WINDOWS\system32;C:\WINDOWS;D:\toolscobigen\WinPython-64bit-3.6.3.0Zero\python-3.6.3.amd64\Lib\site-packages\PyQt5;D:\toolscobigen\WinPython-64bit-3.6.3.0Zero\python-3.6.3.amd64\Lib\site-packages\PyQt4;D:\toolscobigen\WinPython-64bit-3.6.3.0Zero\python-3.6.3.amd64\;D:\toolscobigen\WinPython-64bit-3.6.3.0Zero\python-3.6.3.amd64\DLLs;D:\toolscobigen\WinPython-64bit-3.6.3.0Zero\python-3.6.3.amd64\Scripts;D:\toolscobigen\WinPython-64bit-3.6.3.0Zero\python-3.6.3.amd64\..\tools;D:\toolscobigen\WinPython-64bit-3.6.3.0Zero\python-3.6.3.amd64\..\tools\mingw32\bin;D:\toolscobigen\WinPython-64bit-3.6.3.0Zero\python-3.6.3.amd64\..\tools\R\bin\x64;D:\toolscobigen\WinPython-64bit-3.6.3.0Zero\python-3.6.3.amd64\..\tools\Julia\bin;D:\toolscobigen\WinPython-64bit-3.6.3.0Zero\python-3.6.3.amd64\..\tools\n;C:\Program Files\Java\jdk1.8.0_161\bin;C:\WINDOWS\system32;C:\WINDOWS;C:\WINDOWS\System32\Wbem;C:\WINDOWS\System32\WindowsPowerShell\v1.0\;C:\Program Files (x86)\QuickTime\QTSystem\;C:\Program Files\CapgeminiScripts\Support Tools\;C:\Program Files (x86)\Common Files\Lenovo;C:\WINDOWS\System32\WindowsPowerShell\v1.0\;D:\MyData\IDE\software\java\additionalJdk\17045\bin;D:\MyData\IDE\software\maven\bin;D:\MyData\WinPython-64bit-3.6.3.0Qt5\python-3.6.3.amd64;C:\WINDOWS\system32;C:\WINDOWS;C:\WINDOWS\System32\Wbem;C:\WINDOWS\System32\WindowsPowerShell\v1.0\;C:\Program Files (x86)\QuickTime\QTSystem\;C:\Program Files\CapgeminiScripts\Support Tools\;C:\Program Files (x86)\Common Files\Lenovo;C:\WINDOWS\System32\WindowsPowerShell\v1.0\;D:\MyData\IDE\software\java\additionalJdk\17045\bin;D:\MyData\WinPython-64bit-3.6.3.0Qt5\python-3.6.3.amd64;C:\Users\krashah\AppData\Local\Programs\Git\cmd;D:\MyData\WinPython-64bit-3.6.3.0Qt5\python-3.6.3.amd64;;."/>
    <property name="java.specification.name" value="Java Platform API Specification"/>
    <property name="java.class.version" value="52.0"/>
    <property name="sun.management.compiler" value="HotSpot 64-Bit Tiered Compilers"/>
    <property name="os.version" value="6.1"/>
    <property name="user.home" value="C:\Users\krashah"/>
    <property name="user.timezone" value="Asia/Calcutta"/>
    <property name="java.awt.printerjob" value="sun.awt.windows.WPrinterJob"/>
    <property name="java.specification.version" value="1.8"/>
    <property name="file.encoding" value="Cp1252"/>
    <property name="user.name" value="krashah"/>
    <property name="java.class.path" value="D:\MyData\IDE\software\maven\bin\..\boot\plexus-classworlds-2.5.2.jar"/>
    <property name="java.vm.specification.version" value="1.8"/>
    <property name="sun.arch.data.model" value="64"/>
    <property name="java.home" value="C:\Program Files\Java\jdk1.8.0_161\jre"/>
    <property name="sun.java.command" value="org.codehaus.plexus.classworlds.launcher.Launcher clean install"/>
    <property name="java.specification.vendor" value="Oracle Corporation"/>
    <property name="user.language" value="en"/>
    <property name="awt.toolkit" value="sun.awt.windows.WToolkit"/>
    <property name="java.vm.info" value="mixed mode"/>
    <property name="java.version" value="1.8.0_161"/>
    <property name="java.ext.dirs" value="C:\Program Files\Java\jdk1.8.0_161\jre\lib\ext;C:\WINDOWS\Sun\Java\lib\ext"/>
    <property name="sun.boot.class.path" value="C:\Program Files\Java\jdk1.8.0_161\jre\lib\resources.jar;C:\Program Files\Java\jdk1.8.0_161\jre\lib\rt.jar;C:\Program Files\Java\jdk1.8.0_161\jre\lib\sunrsasign.jar;C:\Program Files\Java\jdk1.8.0_161\jre\lib\jsse.jar;C:\Program Files\Java\jdk1.8.0_161\jre\lib\jce.jar;C:\Program Files\Java\jdk1.8.0_161\jre\lib\charsets.jar;C:\Program Files\Java\jdk1.8.0_161\jre\lib\jfr.jar;C:\Program Files\Java\jdk1.8.0_161\jre\classes"/>
    <property name="sun.stderr.encoding" value="cp437"/>
    <property name="java.vendor" value="Oracle Corporation"/>
    <property name="maven.home" value="D:\MyData\IDE\software\maven\bin\.."/>
    <property name="file.separator" value="\"/>
    <property name="java.vendor.url.bug" value="http://bugreport.sun.com/bugreport/"/>
    <property name="sun.cpu.endian" value="little"/>
    <property name="sun.io.unicode.encoding" value="UnicodeLittle"/>
    <property name="sun.stdout.encoding" value="cp437"/>
    <property name="sun.desktop" value="windows"/>
    <property name="sun.cpu.isalist" value="amd64"/>
  </properties>
  <testcase name="testCorrectUpgrade_v1_2_TO_v2_1" classname="com.capgemini.cobigen.unittest.config.upgrade.TemplateConfigurationUpgraderTest" time="0.435"/>
  <testcase name="testCorrectV2_1SchemaDetection" classname="com.capgemini.cobigen.unittest.config.upgrade.TemplateConfigurationUpgraderTest" time="0.047"/>
</testsuite>