<?xml version="1.0" encoding="UTF-8"?>
<testsuite name="com.capgemini.cobigen_htmlplugin.unittest.merger.ng2.HTMLNG2MergerTest" time="0.268" tests="6" errors="0" skipped="0" failures="0">
  <properties>
    <property name="java.runtime.name" value="Java(TM) SE Runtime Environment"/>
    <property name="sun.boot.library.path" value="C:\MyData\IDE\software\java\jre\bin"/>
    <property name="java.vm.version" value="25.121-b13"/>
    <property name="java.vm.vendor" value="Oracle Corporation"/>
    <property name="maven.multiModuleProjectDirectory" value="C:\MyData\newbranch\practice-master\cobigen\cobigen-htmlplugin"/>
    <property name="java.vendor.url" value="http://java.oracle.com/"/>
    <property name="path.separator" value=";"/>
    <property name="guice.disable.misplaced.annotation.check" value="true"/>
    <property name="java.vm.name" value="Java HotSpot(TM) 64-Bit Server VM"/>
    <property name="file.encoding.pkg" value="sun.io"/>
    <property name="user.script" value=""/>
    <property name="user.country" value="US"/>
    <property name="sun.java.launcher" value="SUN_STANDARD"/>
    <property name="sun.os.patch.level" value=""/>
    <property name="java.vm.specification.name" value="Java Virtual Machine Specification"/>
    <property name="user.dir" value="C:\MyData\newbranch\practice-master\cobigen\cobigen-htmlplugin"/>
    <property name="java.runtime.version" value="1.8.0_121-b13"/>
    <property name="java.awt.graphicsenv" value="sun.awt.Win32GraphicsEnvironment"/>
    <property name="java.endorsed.dirs" value="C:\MyData\IDE\software\java\jre\lib\endorsed"/>
    <property name="os.arch" value="amd64"/>
    <property name="java.io.tmpdir" value="C:\Users\krashah\AppData\Local\Temp\"/>
    <property name="line.separator" value="&#10;"/>
    <property name="java.vm.specification.vendor" value="Oracle Corporation"/>
    <property name="user.variant" value=""/>
    <property name="os.name" value="Windows 10"/>
    <property name="classworlds.conf" value="C:\MyData\IDE\software\maven\bin\m2.conf"/>
    <property name="sun.jnu.encoding" value="Cp1252"/>
    <property name="java.library.path" value="C:\MyData\IDE\software\java\bin;C:\WINDOWS\Sun\Java\bin;C:\WINDOWS\system32;C:\WINDOWS;C:\MyData\IDE\software\Python36;C:\MyData\IDE\software\maven\bin;C:\MyData\IDE\software\java\bin;C:\MyData\IDE\software\eclipse;C:\Program Files\Docker\Docker\Resources\bin;C:\ProgramData\Oracle\Java\javapath;C:\WINDOWS\system32;C:\WINDOWS;C:\WINDOWS\System32\Wbem;C:\WINDOWS\System32\WindowsPowerShell\v1.0\;C:\Program Files (x86)\QuickTime\QTSystem\;C:\Program Files\CapgeminiScripts\Support Tools\;C:\Users\krashah\Desktop\Devon\Devon-dist_2.3.0\software\java\bin;C:\Users\krashah\Desktop\Devon-dist_2.3.1\software\maven\bin;C:\Program Files\nodejs\;C:\Program Files\MySQL\MySQL Utilities 1.6\;C:\Users\krashah\Downloads\python-3.6.5-win64\Python36;C:\Users\krashah\AppData\Local\Programs\Python\Python36-32\Scripts\;C:\Users\krashah\AppData\Local\Programs\Python\Python36-32\;C:\Users\krashah\AppData\Local\Microsoft\WindowsApps;C:\Users\krashah\AppData\Local\Programs\Git\cmd;C:\Users\krashah\AppData\Roaming\npm;C:\Program Files\Microsoft VS Code\bin;."/>
    <property name="java.specification.name" value="Java Platform API Specification"/>
    <property name="java.class.version" value="52.0"/>
    <property name="sun.management.compiler" value="HotSpot 64-Bit Tiered Compilers"/>
    <property name="os.version" value="10.0"/>
    <property name="user.home" value="C:\MyData\IDE\conf"/>
    <property name="user.timezone" value="Asia/Calcutta"/>
    <property name="java.awt.printerjob" value="sun.awt.windows.WPrinterJob"/>
    <property name="java.specification.version" value="1.8"/>
    <property name="file.encoding" value="Cp1252"/>
    <property name="user.name" value="krashah"/>
    <property name="java.class.path" value="C:\MyData\IDE\software\maven\boot\plexus-classworlds-2.5.2.jar"/>
    <property name="java.vm.specification.version" value="1.8"/>
    <property name="sun.arch.data.model" value="64"/>
    <property name="java.home" value="C:\MyData\IDE\software\java\jre"/>
    <property name="sun.java.command" value="org.codehaus.plexus.classworlds.launcher.Launcher clean integration-test -Pp2-build-mars,p2-build-stable"/>
    <property name="java.specification.vendor" value="Oracle Corporation"/>
    <property name="user.language" value="en"/>
    <property name="awt.toolkit" value="sun.awt.windows.WToolkit"/>
    <property name="java.vm.info" value="mixed mode"/>
    <property name="java.version" value="1.8.0_121"/>
    <property name="java.ext.dirs" value="C:\MyData\IDE\software\java\jre\lib\ext;C:\WINDOWS\Sun\Java\lib\ext"/>
    <property name="sun.boot.class.path" value="C:\MyData\IDE\software\java\jre\lib\resources.jar;C:\MyData\IDE\software\java\jre\lib\rt.jar;C:\MyData\IDE\software\java\jre\lib\sunrsasign.jar;C:\MyData\IDE\software\java\jre\lib\jsse.jar;C:\MyData\IDE\software\java\jre\lib\jce.jar;C:\MyData\IDE\software\java\jre\lib\charsets.jar;C:\MyData\IDE\software\java\jre\lib\jfr.jar;C:\MyData\IDE\software\java\jre\classes"/>
    <property name="sun.stderr.encoding" value="cp437"/>
    <property name="java.vendor" value="Oracle Corporation"/>
    <property name="maven.home" value="C:\MyData\IDE\software\maven"/>
    <property name="file.separator" value="\"/>
    <property name="java.vendor.url.bug" value="http://bugreport.sun.com/bugreport/"/>
    <property name="sun.cpu.endian" value="little"/>
    <property name="sun.io.unicode.encoding" value="UnicodeLittle"/>
    <property name="sun.desktop" value="windows"/>
    <property name="sun.cpu.isalist" value="amd64"/>
  </properties>
  <testcase name="htmlMergeTest_AddSideBarButton" classname="com.capgemini.cobigen_htmlplugin.unittest.merger.ng2.HTMLNG2MergerTest" time="0.249"/>
  <testcase name="htmlMergeTest_AddFilterField_Override" classname="com.capgemini.cobigen_htmlplugin.unittest.merger.ng2.HTMLNG2MergerTest" time="0.004"/>
  <testcase name="htmlMergeTest_AddDialogAddField_Override" classname="com.capgemini.cobigen_htmlplugin.unittest.merger.ng2.HTMLNG2MergerTest" time="0.004"/>
  <testcase name="htmlMergeTest_AddFilterField" classname="com.capgemini.cobigen_htmlplugin.unittest.merger.ng2.HTMLNG2MergerTest" time="0.006"/>
  <testcase name="htmlMergeTest_AddDialogAddField" classname="com.capgemini.cobigen_htmlplugin.unittest.merger.ng2.HTMLNG2MergerTest" time="0.002"/>
  <testcase name="htmlMergeTest_AddSideBarButton_Override" classname="com.capgemini.cobigen_htmlplugin.unittest.merger.ng2.HTMLNG2MergerTest" time="0.003"/>
</testsuite>